[2025-07-15 01:33:14] [WARNING] Menedżer OCR zainicjowany.
[2025-07-15 01:33:14] [WARNING] Task Manager został uruchomiony.
[2025-07-15 01:33:14] [WARNING] Zadania zostały zainicjowane.
[2025-07-15 01:33:14] [WARNING] Sprawdzanie stanu gry przed uruchomieniem zadania...
[2025-07-15 01:33:35] [ERROR] Błąd komunikacji z laptopem dla komendy 'is_process_running': [WinError 10060] Próba połączenia nie powiodła się, ponieważ połączona strona nie odpowiedziała poprawnie po ustalonym okresie czasu lub utworzone połączenie nie powiodło się, ponieważ połączony host nie odpowiedział
[2025-07-15 01:34:04] [WARNING] Menedżer OCR zainicjowany.
[2025-07-15 01:34:04] [WARNING] Task Manager został uruchomiony.
[2025-07-15 01:34:04] [WARNING] Zadania zostały zainicjowane.
[2025-07-15 01:34:04] [WARNING] Sprawdzanie stanu gry przed uruchomieniem zadania...
[2025-07-15 01:34:17] [WARNING] Rozpoczynam zadanie: build_city
[2025-07-15 01:34:54] [ERROR] Nie znaleziono przycisku 'Go', aby przejść do następnego budynku.
[2025-07-15 01:35:45] [WARNING] Menedżer OCR zainicjowany.
[2025-07-15 01:35:45] [WARNING] Task Manager został uruchomiony.
[2025-07-15 01:35:45] [WARNING] Zadania zostały zainicjowane.
[2025-07-15 01:35:45] [WARNING] Sprawdzanie stanu gry przed uruchomieniem zadania...
[2025-07-15 01:35:48] [WARNING] Rozpoczynam zadanie: build_city
[2025-07-15 01:36:42] [WARNING] Zadanie 'build_city' zakończone pomyślnie.
[2025-07-15 01:36:43] [WARNING] Sprawdzanie stanu gry przed uruchomieniem zadania...
[2025-07-15 01:37:01] [WARNING] Rozpoczynam zadanie: build_city
[2025-07-15 01:37:01] [ERROR] Błąd komunikacji z laptopem dla komendy 'grab_screenshot': Object of type int32 is not JSON serializable
[2025-07-15 01:37:01] [ERROR] Nie udało się pobrać zrzutu ekranu z laptopa.
[2025-07-15 01:37:02] [WARNING] Brak danych od ('192.168.1.5', 57312) – klient rozłączył się.
[2025-07-15 01:37:55] [WARNING] Zadanie 'build_city' zakończone pomyślnie.
[2025-07-15 01:37:56] [WARNING] Sprawdzanie stanu gry przed uruchomieniem zadania...
[2025-07-15 01:38:14] [WARNING] Rozpoczynam zadanie: build_city
[2025-07-15 01:38:14] [ERROR] Błąd komunikacji z laptopem dla komendy 'grab_screenshot': Object of type int32 is not JSON serializable
[2025-07-15 01:38:14] [ERROR] Nie udało się pobrać zrzutu ekranu z laptopa.
[2025-07-15 01:38:15] [WARNING] Brak danych od ('192.168.1.5', 57357) – klient rozłączył się.
[2025-07-15 01:38:42] [WARNING] Zadanie 'build_city' zakończone pomyślnie.
[2025-07-15 01:38:43] [WARNING] Sprawdzanie stanu gry przed uruchomieniem zadania...
[2025-07-15 01:38:44] [WARNING] Rozpoczynam zadanie: build_city
[2025-07-15 01:38:45] [ERROR] Błąd komunikacji z laptopem dla komendy 'grab_screenshot': Object of type int32 is not JSON serializable
[2025-07-15 01:38:45] [ERROR] Nie udało się pobrać zrzutu ekranu z laptopa.
[2025-07-15 01:38:45] [WARNING] Brak danych od ('192.168.1.5', 57365) – klient rozłączył się.
[2025-07-15 01:39:37] [WARNING] Zadanie 'build_city' zakończone pomyślnie.
[2025-07-15 01:39:38] [WARNING] Sprawdzanie stanu gry przed uruchomieniem zadania...
[2025-07-15 01:39:56] [WARNING] Rozpoczynam zadanie: build_city
[2025-07-15 01:39:56] [ERROR] Błąd komunikacji z laptopem dla komendy 'grab_screenshot': Object of type int32 is not JSON serializable
[2025-07-15 01:39:56] [ERROR] Nie udało się pobrać zrzutu ekranu z laptopa.
[2025-07-15 01:39:57] [WARNING] Brak danych od ('192.168.1.5', 57434) – klient rozłączył się.
[2025-07-15 01:40:25] [WARNING] Zadanie 'build_city' zakończone pomyślnie.
[2025-07-15 01:40:26] [WARNING] Sprawdzanie stanu gry przed uruchomieniem zadania...
[2025-07-15 01:40:27] [WARNING] Rozpoczynam zadanie: build_city
[2025-07-15 01:40:27] [ERROR] Błąd komunikacji z laptopem dla komendy 'grab_screenshot': Object of type int32 is not JSON serializable
[2025-07-15 01:40:27] [ERROR] Nie udało się pobrać zrzutu ekranu z laptopa.
[2025-07-15 01:40:28] [WARNING] Brak danych od ('192.168.1.5', 57456) – klient rozłączył się.
[2025-07-15 01:40:59] [WARNING] Zadanie 'build_city' zakończone pomyślnie.
[2025-07-15 01:41:00] [WARNING] Sprawdzanie stanu gry przed uruchomieniem zadania...
[2025-07-15 01:41:01] [WARNING] Rozpoczynam zadanie: build_city
[2025-07-15 01:41:01] [ERROR] Błąd komunikacji z laptopem dla komendy 'grab_screenshot': Object of type int32 is not JSON serializable
[2025-07-15 01:41:01] [ERROR] Nie udało się pobrać zrzutu ekranu z laptopa.
[2025-07-15 01:41:02] [WARNING] Brak danych od ('192.168.1.5', 57474) – klient rozłączył się.
[2025-07-15 01:44:37] [WARNING] Menedżer OCR zainicjowany.
[2025-07-15 01:44:37] [WARNING] Task Manager został uruchomiony.
[2025-07-15 01:44:37] [WARNING] Zadania zostały zainicjowane.
[2025-07-15 01:44:37] [WARNING] Sprawdzanie stanu gry przed uruchomieniem zadania...
[2025-07-15 01:44:58] [ERROR] Błąd komunikacji z laptopem dla komendy 'is_process_running': [WinError 10060] Próba połączenia nie powiodła się, ponieważ połączona strona nie odpowiedziała poprawnie po ustalonym okresie czasu lub utworzone połączenie nie powiodło się, ponieważ połączony host nie odpowiedział
[2025-07-15 01:45:19] [ERROR] Błąd komunikacji z laptopem dla komendy 'is_process_running': [WinError 10060] Próba połączenia nie powiodła się, ponieważ połączona strona nie odpowiedziała poprawnie po ustalonym okresie czasu lub utworzone połączenie nie powiodło się, ponieważ połączony host nie odpowiedział
