[2025-07-15 20:08:10] [WARNING] Pobieram zrzut ekranu z laptopa...
[2025-07-15 20:08:11] [WARNING] Wyczyszczono wszystkie zaznaczenia.
[2025-07-15 20:08:11] [WARNING] Widok zresetowany.
[2025-07-15 20:08:11] [WARNING] Zrzut ekranu załadowany.
[2025-07-15 20:08:22] [WARNING] Dodano nowy region: {'coords': (1322, 337, 40, 79), 'var_name': ''}
[2025-07-15 20:09:25] [WARNING] Przypisano zmienną 'legion_couter_region' do regionu (1322, 337, 40, 79)
[2025-07-15 21:27:02] [WARNING] Pobieram zrzut ekranu z laptopa...
[2025-07-15 21:27:27] [WARNING] Wyczyszczono wszystkie zaznaczenia.
[2025-07-15 21:27:27] [WARNING] Widok zresetowany.
[2025-07-15 21:27:27] [WARNING] Zrzut ekranu załadowany.
[2025-07-15 21:27:49] [WARNING] Dodano nowy region: {'coords': (1316, 139, 20, 24), 'var_name': ''}
[2025-07-15 21:28:07] [WARNING] Przypisano zmienną 'legion_1_region' do regionu (1316, 139, 20, 24)
[2025-07-15 21:28:13] [WARNING] Dodano nowy region: {'coords': (1297, 196, 21, 23), 'var_name': ''}
[2025-07-15 21:28:29] [WARNING] Przypisano zmienną 'legion_2_region' do regionu (1316, 139, 20, 24)
[2025-07-15 21:28:37] [WARNING] Przypisano zmienną '' do regionu (1297, 196, 21, 23)
[2025-07-15 21:28:47] [WARNING] Dodano nowy region: {'coords': (1285, 254, 20, 22), 'var_name': ''}
[2025-07-15 21:28:55] [WARNING] Dodano nowy region: {'coords': (1281, 310, 18, 23), 'var_name': ''}
[2025-07-15 21:29:02] [WARNING] Przypisano zmienną 'legion_1_region' do regionu (1316, 139, 20, 24)
[2025-07-15 21:29:08] [WARNING] Przypisano zmienną 'legion_2_region' do regionu (1297, 196, 21, 23)
[2025-07-15 21:29:12] [WARNING] Przypisano zmienną 'legion_3_region' do regionu (1285, 254, 20, 22)
[2025-07-15 21:29:17] [WARNING] Przypisano zmienną 'legion_4_region' do regionu (1281, 310, 18, 23)
[2025-07-15 21:36:49] [WARNING] Pobieram zrzut ekranu z laptopa...
[2025-07-15 21:37:04] [WARNING] Wyczyszczono wszystkie zaznaczenia.
[2025-07-15 21:37:04] [WARNING] Widok zresetowany.
[2025-07-15 21:37:04] [WARNING] Zrzut ekranu załadowany.
[2025-07-15 21:37:21] [WARNING] Dodano nowy region: {'coords': (1299, 128, 50, 52), 'var_name': ''}
[2025-07-15 21:46:07] [WARNING] Pobieram zrzut ekranu z laptopa...
[2025-07-15 21:46:40] [WARNING] Wyczyszczono wszystkie zaznaczenia.
[2025-07-15 21:46:40] [WARNING] Widok zresetowany.
[2025-07-15 21:46:40] [WARNING] Zrzut ekranu załadowany.
[2025-07-15 21:46:52] [WARNING] Dodano nowy region: {'coords': (1229, 113, 128, 421), 'var_name': ''}
